<?xml version="1.0" encoding="UTF-8"?>
<!-- Generated by org.testng.reporters.JUnitReportReporter -->
<testsuite hostname="EXCALIBUR" failures="0" tests="1" name="com.test.AdminTest" time="8.764" errors="0" timestamp="13 Jan 2021 10:52:13 GMT">
  <testcase classname="com.test.AdminTest" name="adminClick" time="8.764"/>
</testsuite> <!-- com.test.AdminTest -->
