<?xml version="1.0" encoding="UTF-8"?>
<!-- Generated by org.testng.reporters.JUnitReportReporter -->
<testsuite hostname="EXCALIBUR" failures="0" tests="1" name="Demo.loginTest" time="4.975" errors="0" timestamp="2 May 2021 10:29:33 GMT">
  <testcase classname="Demo.loginTest" name="logintest" time="4.975"/>
</testsuite> <!-- Demo.loginTest -->
